[2025-11-03 19:18:59][INFO] Created default configuration: service-config.json
[2025-11-03 19:18:59][INFO] 📋 Current Configuration:
[2025-11-03 19:20:29][INFO] Testing GitHub connection...
[2025-11-03 19:20:29][ERROR] GitHub connection test failed: The term 'gh-custom' is not recognized as a name of a cmdlet, function, script file, or executable program.
Check the spelling of the name, or if a path was included, verify that the path is correct and try again.
[2025-11-03 19:20:29][ERROR] Performance test failed: The term 'gh-custom' is not recognized as a name of a cmdlet, function, script file, or executable program.
Check the spelling of the name, or if a path was included, verify that the path is correct and try again.
[2025-11-03 19:20:29][INFO] 🏥 Health Check Results
[2025-11-04 03:19:18][INFO] Testing GitHub connection...
[2025-11-04 03:19:18][ERROR] GitHub connection test failed: The term 'gh-custom' is not recognized as a name of a cmdlet, function, script file, or executable program.
Check the spelling of the name, or if a path was included, verify that the path is correct and try again.
[2025-11-04 03:19:18][ERROR] Performance test failed: The term 'gh-custom' is not recognized as a name of a cmdlet, function, script file, or executable program.
Check the spelling of the name, or if a path was included, verify that the path is correct and try again.
[2025-11-04 03:19:18][INFO] 🏥 Health Check Results
[2025-11-04 03:19:58][INFO] Testing GitHub connection...
[2025-11-04 03:19:58][ERROR] GitHub connection test failed: The term 'gh-custom' is not recognized as a name of a cmdlet, function, script file, or executable program.
Check the spelling of the name, or if a path was included, verify that the path is correct and try again.
[2025-11-04 03:19:59][ERROR] Performance test failed: The term 'gh-custom' is not recognized as a name of a cmdlet, function, script file, or executable program.
Check the spelling of the name, or if a path was included, verify that the path is correct and try again.
[2025-11-04 03:19:59][INFO] 🏥 Health Check Results
[2025-11-04 03:21:15][INFO] Created default configuration: service-config.json
[2025-11-04 03:21:15][INFO] Testing GitHub connection...
[2025-11-04 03:21:16][SUCCESS] ✅ GitHub connection successful
[2025-11-04 03:21:17][INFO] 🏥 Health Check Results
[2025-11-04 03:21:22][INFO] 📊 GitHub Automation Service Status
[2025-11-04 03:25:25][INFO] Testing GitHub connection...
[2025-11-04 03:25:26][SUCCESS] ✅ GitHub connection successful
[2025-11-04 03:25:27][INFO] 🏥 Health Check Results
